[outsourceo-128.webflow.io/index.html]
[backblue.gif]
[fade.gif]
[index.html]
[assets.website-files.com/623cd800893cf70fad24035e/css/outsourceo-128.webflow.971a25cee.css]
[ajax.googleapis.com/ajax/libs/webfont/1.6.26/webfont.js]
[assets.website-files.com/623cd800893cf70fad24035e/624a9faa9ce019a2e172dde3_cropped-banner-slider-logo-01-150x150.png]
[assets.website-files.com/img/webclip.png]
[assets.website-files.com/623cd800893cf70fad24035e/623da5488a92ed165769b9a0_logo_dark.png]
[outsourceo-128.webflow.io/home-2-outsourceo-128.html]
[outsourceo-128.webflow.io/home-3.html]
[outsourceo-128.webflow.io/about-us.html]
[outsourceo-128.webflow.io/leadership.html]
[outsourceo-128.webflow.io/why-us.html]
[outsourceo-128.webflow.io/our-values.html]
[outsourceo-128.webflow.io/careers.html]
[outsourceo-128.webflow.io/services.html]
[outsourceo-128.webflow.io/services/product-design.html]
[outsourceo-128.webflow.io/case-studies-1.html]
[outsourceo-128.webflow.io/case-studies-2.html]
[outsourceo-128.webflow.io/case-studies-3.html]
[outsourceo-128.webflow.io/grid-blog.html]
[outsourceo-128.webflow.io/classic-grid.html]
[outsourceo-128.webflow.io/blog-3.html]
[outsourceo-128.webflow.io/contact-us.html]
[outsourceo-128.webflow.io/locations.html]
[outsourceo-128.webflow.io/style-guide.html]
[outsourceo-128.webflow.io/coming-soon.html]
[assets.website-files.com/623cd800893cf70fad24035e/623dac7a3d2b8f1b2ac95540_Burger Button.png]
[assets.website-files.com/623cd800893cf70fad24035e/623dc28eecb9767c43f3ecc7_banner-slider-logo-01.png]
[assets.website-files.com/623cd800893cf70fad24035e/623dce675fa89d55cbfff944_video-banner-01.jpg]
[assets.website-files.com/623cd800893cf70fad24035e/623dce683ab036ae513730c0_video-banner-02.jpg]
[assets.website-files.com/623cd800893cf70fad24035e/623dce68099ace24bec8c9ea_video-banner-03.jpg]
[assets.website-files.com/623cd800893cf70fad24035e/625832c325dd8c88cd32fb0c_clutch_logo.jpg]
[assets.website-files.com/623cd800893cf70fad24035e/625832c3410ea54b495c11f8_facts_image.png]
[assets.website-files.com/6242b6a9cd3b4203c6374a4b/62430667b2fa12a59be40df4_project-image-02.jpg]
[outsourceo-128.webflow.io/portfolio/high-performance-using-optimal-coding.html]
[assets.website-files.com/6242b6a9cd3b4203c6374a4b/62430672de47a3dd3e6b05d9_project-logo-01.png]
[assets.website-files.com/6242b6a9cd3b4203c6374a4b/6243069942614682f0ac3466_project-image-01.jpg]
[outsourceo-128.webflow.io/portfolio/a-smart-urban-mobility-platform.html]
[assets.website-files.com/6242b6a9cd3b4203c6374a4b/624306a6fc66307628779edd_project-logo-02.png]
[assets.website-files.com/6242b6a9cd3b4203c6374a4b/624306ca91d6f054e100ad9f_project-image-03.jpg]
[outsourceo-128.webflow.io/portfolio/saas-lending-solution-for-loans.html]
[assets.website-files.com/6242b6a9cd3b4203c6374a4b/624306d0a83875e6a944ee84_project-logo-04.png]
[assets.website-files.com/6242b6a9cd3b4203c6374a4b/624306efc4582bef6eec4cca_project-image-04.jpg]
[outsourceo-128.webflow.io/portfolio/custom-platform-for-insurance.html]
[assets.website-files.com/6242b6a9cd3b4203c6374a4b/624306f75997ab8714e5a24a_project-logo-06.png]
[assets.website-files.com/6242b6a9cd3b4203c6374a4b/6243077e25d06038500b2450_project-image-05.jpg]
[outsourceo-128.webflow.io/portfolio/design-and-deployment-services.html]
[assets.website-files.com/6242b6a9cd3b4203c6374a4b/624307891b98b3615047d84b_project-logo-03.png]
[assets.website-files.com/6242b6a9cd3b4203c6374a4b/624307b1967e31eb65e7d709_project-image-06.jpg]
[outsourceo-128.webflow.io/portfolio/rewamping-systems-in-modern-healthcare.html]
[assets.website-files.com/6242b6a9cd3b4203c6374a4b/624307b91e734d72c59f2d7f_project-logo-05.png]
[assets.website-files.com/623cd800893cf70fad24035e/625832cd4be17542a1e3dae5_video-banner (1).jpg]
[assets.website-files.com/623cd800893cf70fad24035e/6241b0f6af2c1d43f7e01085_video-button-modern.png]
[assets.website-files.com/623cd800893cf70fad24035e/625832c6f2f222ee68bde76a_focus-img-02.png]
[assets.website-files.com/623cd800893cf70fad24035e/625832c6dbc336d8a1907a81_focus-01.png]
[assets.website-files.com/623cd800893cf70fad24035e/625832c51f25d9aff92f4b5c_focus-02.png]
[assets.website-files.com/623cd800893cf70fad24035e/625832c5482aa7460939132a_focus-03.png]
[assets.website-files.com/623cd800893cf70fad24035e/6241c27d4b58cf821c0c1644_client-01.png]
[assets.website-files.com/623cd800893cf70fad24035e/6241c27dad1a5b1593ffaea5_client-04.png]
[assets.website-files.com/623cd800893cf70fad24035e/6241c27e053eb7070af36aa4_client-02.png]
[assets.website-files.com/623cd800893cf70fad24035e/6241c27d3b702612a2e36a9f_client-05.png]
[assets.website-files.com/623cd800893cf70fad24035e/6241c27ead1a5be4b9ffaeab_client-03.png]
[assets.website-files.com/623cd800893cf70fad24035e/6241c28afd75229bccb372c1_client-06.png]
[assets.website-files.com/6242b6a9cd3b4203c6374a4b/62597bacf8b7cd245dcbe0a3_Video 2 (2).jpg]
[outsourceo-128.webflow.io/blog-posts/wordpress-website-audit-by-a-maintenance-company.html]
[assets.website-files.com/6242b6a9cd3b4203c6374a4b/625978c5154e923f3b8377c9_Mask-Group-11 (1).jpg]
[outsourceo-128.webflow.io/blog-posts/everything-you-need-to-know-about-design-system.html]
[assets.website-files.com/6242b6a9cd3b4203c6374a4b/625979335e78a47fdd8bd859_case-detail-img-01.jpg]
[outsourceo-128.webflow.io/blog-posts/a-helpful-guide-for-overcoming-design-frustration.html]
[outsourceo-128.webflow.io/blog-category/healthcare.html]
[outsourceo-128.webflow.io/blog-category/cyber-security.html]
[outsourceo-128.webflow.io/blog-category/lbs.html]
[outsourceo-128.webflow.io/blog-category/fintech.html]
[outsourceo-128.webflow.io/blog-category/news.html]
[outsourceo-128.webflow.io/blog-category/insigts.html]
[assets.website-files.com/6242b6a9cd3b4203c6374a4b/62597b6057e0ae00b4b9871a_Careers (2).jpg]
[outsourceo-128.webflow.io/blog-posts/one-of-the-best-100-it-companies.html]
[assets.website-files.com/6242b6a9cd3b4203c6374a4b/62597c0425a6ff8ff3533441_Video 3 (2).jpg]
[outsourceo-128.webflow.io/blog-posts/paris-fintech-forum-2019-day-two.html]
[assets.website-files.com/6242b6a9cd3b4203c6374a4b/62597a2569408324cdf2b0d4_Case Study (2).jpg]
[outsourceo-128.webflow.io/blog-posts/build-a-blockchain-solution-right-now.html]
[assets.website-files.com/6242b6a9cd3b4203c6374a4b/62432cb18712a4e942c81116_service-logo-05-52x54.png]
[assets.website-files.com/6242b6a9cd3b4203c6374a4b/62432c8637b648852d778927_service-logo-04-52x59.png]
[outsourceo-128.webflow.io/services/quality-assurance.html]
[assets.website-files.com/6242b6a9cd3b4203c6374a4b/62432c6b0ebcc2344cf898f3_service-logo-02-52x42.png]
[outsourceo-128.webflow.io/services/poc-development.html]
[assets.website-files.com/6242b6a9cd3b4203c6374a4b/62432c4becb8a0645f0a07a0_service-logo-06-52x76.png]
[outsourceo-128.webflow.io/services/app-development.html]
[assets.website-files.com/6242b6a9cd3b4203c6374a4b/62432c26e2cdd74ccb9a97dd_service-logo-03-52x50.png]
[outsourceo-128.webflow.io/services/smart-team.html]
[assets.website-files.com/6242b6a9cd3b4203c6374a4b/62432c036ed408eca606a2da_service-logo-07-52x30.png]
[outsourceo-128.webflow.io/services/cloud-migration.html]
[assets.website-files.com/6242b6a9cd3b4203c6374a4b/62432b914e62e1d3d469b231_service-logo-08-52x32.png]
[outsourceo-128.webflow.io/services/it-consultancy.html]
[assets.website-files.com/6242b6a9cd3b4203c6374a4b/62432b9a67cc261791cd1df4_service-logo-01-52x59.png]
[outsourceo-128.webflow.io/services/cyber-security.html]
[assets.website-files.com/623cd800893cf70fad24035e/624440c37f8abd16dd581ffa_testim-logo-01-70x70.png]
[assets.website-files.com/623cd800893cf70fad24035e/6244425e0099b941392a792b_testim-logo-02-70x70.png]
[assets.website-files.com/623cd800893cf70fad24035e/624442797f8abdb4a1582561_testim-logo-03-70x70.png]
[assets.website-files.com/623cd800893cf70fad24035e/624578182726f538d0740652_home2-benner.png]
[outsourceo-128.webflow.io/templates/licensing.html]
[d3e54v103j8qbb.cloudfront.net/js/jquery-3.5.1.min.dc5e7f18c85db3.js]
[outsourceo-128.webflow.io/index.html]
[assets.website-files.com/623cd800893cf70fad24035e/js/webflow.4a8cdc854.js]
[assets.website-files.com/623cd800893cf70fad24035e/6243153e4606c685786ca7d8_service-bg-new.jpg]
[assets.website-files.com/623cd800893cf70fad24035e/625832bf063a0a5fbdc9c6e2_banner-img-home3.jpg]
[assets.website-files.com/623cd800893cf70fad24035e/62591b0d1a33c260f8d5451c_blue_dots.png]
[assets.website-files.com/623cd800893cf70fad24035e/62591b196940832565efc2b0_red_dots.png]
[assets.website-files.com/623cd800893cf70fad24035e/624d58b182423478a5245cdb_about-companybg.jpg]
[assets.website-files.com/623cd800893cf70fad24035e/625832c0e7a74959d707dc03_big-img-bg.jpg]
[assets.website-files.com/623cd800893cf70fad24035e/625832c6cffb5c48b2be0b6b_happy-business-people-celebrating-success-at-N5XSH86-e1572946215297.jpg]
[assets.website-files.com/623cd800893cf70fad24035e/624ae37bc89c3f37d8570778_png.jpg]
[assets.website-files.com/623cd800893cf70fad24035e/css/outsourceo-128.webflow.971a25cee.css]
[assets.website-files.com/623cd800893cf70fad24035e/625832cb5756b48ae354b9b4_portfolio-02.jpg]
[assets.website-files.com/623cd800893cf70fad24035e/625832cb6e78c2346385dd67_portfolio-03.jpg]
[assets.website-files.com/623cd800893cf70fad24035e/625832cbe219f05256e1b75f_portfolio-05.jpg]
[assets.website-files.com/623cd800893cf70fad24035e/6250091f39d85094c937cc9d_Layer-9-265x265.jpg]
[assets.website-files.com/623cd800893cf70fad24035e/625009206f85119a82d677b6_Layer-3-265x265.jpg]
[assets.website-files.com/623cd800893cf70fad24035e/624a9a29e8a4ba0b1c9af925_Layer-7-63x63.jpg]
[assets.website-files.com/623cd800893cf70fad24035e/6250091f70ba2f5aa84ffb19_Layer-10-265x265.jpg]
[outsourceo-128.webflow.io/home-2-outsourceo-128.html]
[outsourceo-128.webflow.io/home-3.html]
[assets.website-files.com/623cd800893cf70fad24035e/624c485f1304b2853816848e_facts1-about.png]
[assets.website-files.com/623cd800893cf70fad24035e/624c48632bc1265a1ee5b687_facts2-about.png]
[assets.website-files.com/623cd800893cf70fad24035e/624c4861dc2869c4d41e9069_facts3-about.png]
[assets.website-files.com/623cd800893cf70fad24035e/625832be482aa7a3a2391300_about-what-01.jpg]
[assets.website-files.com/623cd800893cf70fad24035e/625832bf063a0a335dc9c6e1_about-what-02-e1576056087558.png]
[assets.website-files.com/623cd800893cf70fad24035e/625832beec180a0fb0c17e8d_about-what-03.png]
[assets.website-files.com/623cd800893cf70fad24035e/625832bd29a588dd1d1c5869_about-gallery-03.jpg]
[assets.website-files.com/623cd800893cf70fad24035e/625832beff418b8139a7e545_about-gallery-02.jpg]
[assets.website-files.com/623cd800893cf70fad24035e/625832bce7a749192307dc00_about-gallery-01.jpg]
[assets.website-files.com/623cd800893cf70fad24035e/624d767bfd72e1194e8a6032_mission-rep-02-418x313.jpg]
[assets.website-files.com/623cd800893cf70fad24035e/625832beadf179731eb24b57_about-gallery-04.png]
[assets.website-files.com/623cd800893cf70fad24035e/624d40adbb6b4c22709d5cff_about-what-02-e1576056087558.png]
[outsourceo-128.webflow.io/about-us.html]
[assets.website-files.com/623cd800893cf70fad24035e/6250091fc641a52d38129069_Layer-1-265x265.jpg]
[assets.website-files.com/623cd800893cf70fad24035e/6250091f0b137a19b1e6c98a_Layer-2-265x265.jpg]
[assets.website-files.com/623cd800893cf70fad24035e/6250091fbc8aa7254df150a6_Layer-4-265x265.jpg]
[assets.website-files.com/623cd800893cf70fad24035e/62500920f951fa22b33c17d0_Layer-5-265x265.jpg]
[assets.website-files.com/623cd800893cf70fad24035e/6250091f6f85110359d677b5_Layer-6-265x265.jpg]
[assets.website-files.com/623cd800893cf70fad24035e/6250091f558faff09295038e_Layer-7-265x265.jpg]
[assets.website-files.com/623cd800893cf70fad24035e/6250091f5d913b1fb7c07502_Layer-8-265x265.jpg]
[assets.website-files.com/623cd800893cf70fad24035e/62500920d2dfd4fede7eeb3b_Layer-11-265x265.jpg]
[assets.website-files.com/623cd800893cf70fad24035e/6250091f558faf61b695038d_Layer-12-265x265.jpg]
[outsourceo-128.webflow.io/leadership.html]
[assets.website-files.com/6242b6a9cd3b4203c6374a4b/6259757ad654fc4d4bc1665e_why-sol-01.jpg]
[assets.website-files.com/6242b6a9cd3b4203c6374a4b/6259758d719a1e75daa156bd_why-sol-02.jpg]
[assets.website-files.com/6242b6a9cd3b4203c6374a4b/625975ca409a25babca4d16a_why-sol-03.jpg]
[assets.website-files.com/623cd800893cf70fad24035e/6250021e6f8511215ed60c09_why-logo-04.png]
[outsourceo-128.webflow.io/why-us.html]
[assets.website-files.com/623cd800893cf70fad24035e/625832c8b0696aca2cf51734_mission-rep-01.jpg]
[assets.website-files.com/623cd800893cf70fad24035e/625013a555557675b578a9c6_mission-rep-03.jpg]
[assets.website-files.com/623cd800893cf70fad24035e/625019c8f5e5caf707f4acaa_mission-signature.png]
[outsourceo-128.webflow.io/our-values.html]
[outsourceo-128.webflow.io/careers/senior-dynamics-crm-developer.html]
[outsourceo-128.webflow.io/careers/data-bigdata-solutions-architect.html]
[outsourceo-128.webflow.io/careers/voluptatum-ullam-voluptatibus-est.html]
[outsourceo-128.webflow.io/careers/full-stack-developer-in-oop-design.html]
[outsourceo-128.webflow.io/careers.html]
[outsourceo-128.webflow.io/careers/senior-network-engineer-ccie.html]
[assets.website-files.com/6242b6a9cd3b4203c6374a4b/625975d483044083a11f37c8_why-sol-04.jpg]
[assets.website-files.com/6242b6a9cd3b4203c6374a4b/625042c131593b8bc0935031_why-sol-05.jpg]
[assets.website-files.com/6242b6a9cd3b4203c6374a4b/625042d0f26d5065064b1c44_why-sol-06.jpg]
[outsourceo-128.webflow.io/services.html]
[assets.website-files.com/6242b6a9cd3b4203c6374a4b/62597581caa70fd7291d05a2_pd-circle (1).png]
[outsourceo-128.webflow.io/services-categories/product-design.html]
[outsourceo-128.webflow.io/services-categories/cyber-security.html]
[outsourceo-128.webflow.io/services-categories/app-development.html]
[outsourceo-128.webflow.io/services-categories/branding.html]
[outsourceo-128.webflow.io/services/product-design.html]
[assets.website-files.com/6242b6a9cd3b4203c6374a4b/62541148f8c94dd13ce39856_portfolio-06.jpg]
[outsourceo-128.webflow.io/portfolios-categories/cyber-security.html]
[assets.website-files.com/6242b6a9cd3b4203c6374a4b/625973bdd654fc1c6cc153cb_portfolio-02.jpg]
[outsourceo-128.webflow.io/portfolios-categories/fintech.html]
[assets.website-files.com/6242b6a9cd3b4203c6374a4b/62541167825dbc76dade497c_portfolio-04.jpg]
[outsourceo-128.webflow.io/portfolios-categories/lds.html]
[assets.website-files.com/6242b6a9cd3b4203c6374a4b/62541177f8c94d9fbbe39aec_portfolio-03.jpg]
[assets.website-files.com/6242b6a9cd3b4203c6374a4b/62541183d2c29e9666dd2203_portfolio-01.jpg]
[outsourceo-128.webflow.io/case-studies-1.html]
[outsourceo-128.webflow.io/case-studies-2.html]
[outsourceo-128.webflow.io/case-studies-3.html]
[outsourceo-128.webflow.io/grid-blog.html]
[outsourceo-128.webflow.io/classic-grid.html]
[outsourceo-128.webflow.io/blog-3.html]
[assets.website-files.com/623cd800893cf70fad24035e/625832c31e1fe0c78fdf048b_contact-01.jpg]
[assets.website-files.com/623cd800893cf70fad24035e/625832c3e219f07f48e1b697_contact-02.png]
[assets.website-files.com/623cd800893cf70fad24035e/625832c3b4004e26edc245fe_contact-03.jpg]
[outsourceo-128.webflow.io/contact-us.html]
[assets.website-files.com/623cd800893cf70fad24035e/6256a9c840133a0814c6c556_american-flag-backdrop-35-1048.jpg]
[assets.website-files.com/623cd800893cf70fad24035e/6256a9c5d803dd5a13223029_download.jpg]
[assets.website-files.com/623cd800893cf70fad24035e/6256a9c617359ae5a2ac2909_flag-round-250.jpg]
[assets.website-files.com/623cd800893cf70fad24035e/6256abd12401620b94a93dfd_locations.png]
[outsourceo-128.webflow.io/locations.html]
[assets.website-files.com/623cd800893cf70fad24035e/623cd800893cf79b81240363_tablet_spacing.png]
[assets.website-files.com/623cd800893cf70fad24035e/623cd800893cf767b4240365_mobile_spacing.png]
[outsourceo-128.webflow.io/style-guide.html]
[outsourceo-128.webflow.io/coming-soon.html]
[assets.website-files.com/623cd800893cf70fad24035e/6255706e1cf1102b0b3ccf6b_case-detail-logo.png]
[assets.website-files.com/6242b6a9cd3b4203c6374a4b/625586c82e942a6f5872e6cf_case-detail-img-04.jpg]
[assets.website-files.com/6242b6a9cd3b4203c6374a4b/625978c58665f3986506529a_Mask-Group-10 (1).jpg]
[assets.website-files.com/6242b6a9cd3b4203c6374a4b/625580b575bb6106eafb4e22_case-detail-img-01.jpg]
[assets.website-files.com/6242b6a9cd3b4203c6374a4b/625584f37909be12efbdca89_case-detail-img-02.jpg]
[assets.website-files.com/6242b6a9cd3b4203c6374a4b/625584f8a09cc855b84194af_case-detail-img-03.jpg]
[assets.website-files.com/6242b6a9cd3b4203c6374a4b/625973ca25a6ff0d8952ee7e_portfolio-03.jpg]
[outsourceo-128.webflow.io/portfolio/high-performance-using-optimal-coding.html]
[assets.website-files.com/6242b6a9cd3b4203c6374a4b/625978fb25c6353718693af3_case-detail-img-02.jpg]
[assets.website-files.com/6242b6a9cd3b4203c6374a4b/625978f8c36072396744cf34_about-gallery-03.jpg]
[assets.website-files.com/6242b6a9cd3b4203c6374a4b/625978f8caa70f7e111d1743_about-gallery-04.png]
[assets.website-files.com/6242b6a9cd3b4203c6374a4b/62597900f8b7cda30fcbb651_about-gallery-01.jpg]
[assets.website-files.com/6242b6a9cd3b4203c6374a4b/6259790e5059e25bbb477127_about-gallery-02.jpg]
[assets.website-files.com/6242b6a9cd3b4203c6374a4b/6254119d64b1662798397d53_portfolio-02.jpg]
[outsourceo-128.webflow.io/portfolio/a-smart-urban-mobility-platform.html]
[assets.website-files.com/6242b6a9cd3b4203c6374a4b/6255783fdba91703c6a00458_about-what-01.jpg]
[assets.website-files.com/6242b6a9cd3b4203c6374a4b/6259793afcc890035582a52a_about-what-02-e1576056087558.png]
[assets.website-files.com/6242b6a9cd3b4203c6374a4b/6259793a4c449f6b91cf1302_about-what-03.png]
[outsourceo-128.webflow.io/portfolio/saas-lending-solution-for-loans.html]
[assets.website-files.com/6242b6a9cd3b4203c6374a4b/625595fb871d72b2f7138106_mission-rep-02-418x313.jpg]
[assets.website-files.com/6242b6a9cd3b4203c6374a4b/625578801449bea404747227_about-gallery-03.jpg]
[outsourceo-128.webflow.io/portfolio/custom-platform-for-insurance.html]
[assets.website-files.com/6242b6a9cd3b4203c6374a4b/625578dfae5b6c338680c9df_about-history-img-418x313.jpg]
[assets.website-files.com/6242b6a9cd3b4203c6374a4b/625979b92bf32973ee71d53d_mission-rep-01.jpg]
[outsourceo-128.webflow.io/portfolio/design-and-deployment-services.html]
[outsourceo-128.webflow.io/portfolio/rewamping-systems-in-modern-healthcare.html]
[assets.website-files.com/6242b6a9cd3b4203c6374a4b/6256897eb426947229a40144_WP-Audit-maintenance-company.jpg]
[outsourceo-128.webflow.io/blog-posts/wordpress-website-audit-by-a-maintenance-company.html]
[assets.website-files.com/6242b6a9cd3b4203c6374a4b/625689d1303eaefd34e73a30_pasted image 0 (2).png]
[outsourceo-128.webflow.io/blog-posts/everything-you-need-to-know-about-design-system.html]
[assets.website-files.com/6242b6a9cd3b4203c6374a4b/625689bd87eba05c96630bfa_pasted image 0 (1).png]
[outsourceo-128.webflow.io/blog-posts/a-helpful-guide-for-overcoming-design-frustration.html]
[outsourceo-128.webflow.io/blog-category/healthcare.html]
[outsourceo-128.webflow.io/blog-category/cyber-security.html]
[outsourceo-128.webflow.io/blog-category/lbs.html]
[outsourceo-128.webflow.io/blog-category/fintech.html]
[outsourceo-128.webflow.io/blog-category/news.html]
[outsourceo-128.webflow.io/blog-category/insigts.html]
[assets.website-files.com/6242b6a9cd3b4203c6374a4b/625689f657589a0ab405a0a6_pasted image 0 (4).png]
[outsourceo-128.webflow.io/blog-posts/one-of-the-best-100-it-companies.html]
[assets.website-files.com/6242b6a9cd3b4203c6374a4b/6242b79e2db2f84620068b71_WP-Audit-maintenance-company-.jpg]
[assets.website-files.com/6242b6a9cd3b4203c6374a4b/62597a9925c6354783694948_video-banner.jpg]
[assets.website-files.com/6242b6a9cd3b4203c6374a4b/62597a5d140c59bd93bb8e10_Blog 3 (1).jpg]
[assets.website-files.com/6242b6a9cd3b4203c6374a4b/62597a520c9ec61dfca14172_Blog 2 (1).jpg]
[assets.website-files.com/6242b6a9cd3b4203c6374a4b/62597a46d654fc1d37c18a97_Blog 5 (1).jpg]
[outsourceo-128.webflow.io/blog-posts/paris-fintech-forum-2019-day-two.html]
[outsourceo-128.webflow.io/blog-posts/build-a-blockchain-solution-right-now.html]
[outsourceo-128.webflow.io/services/quality-assurance.html]
[outsourceo-128.webflow.io/services/poc-development.html]
[outsourceo-128.webflow.io/services/app-development.html]
[outsourceo-128.webflow.io/services/smart-team.html]
[outsourceo-128.webflow.io/services/cloud-migration.html]
[outsourceo-128.webflow.io/services/it-consultancy.html]
[outsourceo-128.webflow.io/services/cyber-security.html]
[assets.website-files.com/623cd800893cf70fad24035e/625832c8ec180a7cb3c17eaf_Mask-Group-10 (1).jpg]
[assets.website-files.com/623cd800893cf70fad24035e/625832c84be1754e8ae3dac2_Mask-Group-11 (1).jpg]
[assets.website-files.com/623cd800893cf70fad24035e/625832c8cffb5ceaa1be0b7f_pasted image 0 (1).png]
[assets.website-files.com/623cd800893cf70fad24035e/625964682bf3292aad70fda5_Blog 1 (1).jpg]
[assets.website-files.com/623cd800893cf70fad24035e/6259646866c51b73feedd806_Post 1 (2).jpg]
[assets.website-files.com/623cd800893cf70fad24035e/6259646853b8852fe55857f4_Services 4 (2).jpg]
[assets.website-files.com/623cd800893cf70fad24035e/625832c1cffb5c0999be0b5f_case-detail-img-01.jpg]
[assets.website-files.com/623cd800893cf70fad24035e/624d53cb16f6b2c87adf9763_about-gallery-04.png]
[assets.website-files.com/623cd800893cf70fad24035e/62590e9da5d8ce24b36c87da_team-business-people (1).jpg]
[assets.website-files.com/623cd800893cf70fad24035e/62590f8125c6354e85668687_diverse-people-working-office (1).jpg]
[assets.website-files.com/623cd800893cf70fad24035e/625832c137c94d3bd03c3bfa_case-detail-img-04.jpg]
[assets.website-files.com/623cd800893cf70fad24035e/62596469bddc406ff62c1813_Careers (2).jpg]
[assets.website-files.com/623cd800893cf70fad24035e/625964681d15bd1719246978_Services 3 (2).jpg]
[assets.website-files.com/623cd800893cf70fad24035e/625964677e839ed844e1285a_Services 2 (2).jpg]
[assets.website-files.com/623cd800893cf70fad24035e/62596467d4f841f6d5796d11_Services 1 (2).jpg]
[assets.website-files.com/623cd800893cf70fad24035e/6259646925c6352ea4687998_Case Study (2).jpg]
[assets.website-files.com/623cd800893cf70fad24035e/6259646b587eeea6e5052b14_Slide 3 (1).jpg]
[assets.website-files.com/623cd800893cf70fad24035e/6259646bd4f841572d796d1a_Slide 2 (1).jpg]
[assets.website-files.com/623cd800893cf70fad24035e/6259646932e8e762a606e8a4_Slide 1 (1).jpg]
[assets.website-files.com/623cd800893cf70fad24035e/625832c2adf1795e75b24b71_case-detail-img-03.jpg]
[assets.website-files.com/623cd800893cf70fad24035e/62596c7b154e92b3c5831ead_Blog 2 (1).jpg]
[assets.website-files.com/623cd800893cf70fad24035e/62596c7d4b316c3901e66600_Blog 3 (1).jpg]
[assets.website-files.com/623cd800893cf70fad24035e/62596c7e7e839e738de1613e_Blog 5 (1).jpg]
[outsourceo-128.webflow.io/templates/licensing.html]
[outsourceo-128.webflow.io/careers/senior-dynamics-crm-developer.html]
[outsourceo-128.webflow.io/careers/data-bigdata-solutions-architect.html]
[outsourceo-128.webflow.io/careers/voluptatum-ullam-voluptatibus-est.html]
[outsourceo-128.webflow.io/careers/full-stack-developer-in-oop-design.html]
[outsourceo-128.webflow.io/careers/senior-network-engineer-ccie.html]
[outsourceo-128.webflow.io/services-categories/product-design.html]
[outsourceo-128.webflow.io/services-categories/cyber-security.html]
[outsourceo-128.webflow.io/services-categories/app-development.html]
[outsourceo-128.webflow.io/services-categories/branding.html]
[outsourceo-128.webflow.io/portfolios-categories/cyber-security.html]
[outsourceo-128.webflow.io/portfolios-categories/fintech.html]
[outsourceo-128.webflow.io/portfolios-categories/lds.html]
